21:41:21:333  INFO 21608 --- [main] com.hmall.pay.PayApplication             : Starting PayApplication using Java 17.0.12 on 鸆灏 with PID 21608 (D:\software\JavaWeb\hmall\pay-service\target\classes started by 27549 in D:\software\JavaWeb\hmall)
21:41:21:334 DEBUG 21608 --- [main] com.hmall.pay.PayApplication             : Running with Spring Boot v2.7.12, Spring v5.3.27
21:41:21:334  INFO 21608 --- [main] com.hmall.pay.PayApplication             : The following 1 profile is active: "local"
21:41:21:837  INFO 21608 --- [main] o.s.cloud.context.scope.GenericScope     : BeanFactory id=dea9578a-2c70-3463-ad57-a0d07bdb6d9f
21:41:22:071  INFO 21608 --- [main] o.s.b.w.embedded.tomcat.TomcatWebServer  : Tomcat initialized with port(s): 8086 (http)
21:41:22:076  INFO 21608 --- [main] o.apache.catalina.core.StandardService   : Starting service [Tomcat]
21:41:22:076  INFO 21608 --- [main] org.apache.catalina.core.StandardEngine  : Starting Servlet engine: [Apache Tomcat/9.0.75]
21:41:22:172  INFO 21608 --- [main] o.a.c.c.C.[Tomcat].[localhost].[/]       : Initializing Spring embedded WebApplicationContext
21:41:22:172  INFO 21608 --- [main] w.s.c.ServletWebServerApplicationContext : Root WebApplicationContext: initialization completed in 817 ms
21:41:22:279  INFO 21608 --- [main] o.s.c.openfeign.FeignClientFactoryBean   : For 'user-service' URL not provided. Will try picking an instance via load-balancing.
21:41:22:442  INFO 21608 --- [main] o.s.c.openfeign.FeignClientFactoryBean   : For 'trade-service' URL not provided. Will try picking an instance via load-balancing.
21:41:23:881  INFO 21608 --- [main] o.s.cloud.commons.util.InetUtils         : Cannot determine local hostname
21:41:23:914  INFO 21608 --- [main] pertySourcedRequestMappingHandlerMapping : Mapped URL path [/v2/api-docs] onto method [springfox.documentation.swagger2.web.Swagger2ControllerWebMvc#getDocumentation(String, HttpServletRequest)]
21:41:25:067  INFO 21608 --- [main] o.s.cloud.commons.util.InetUtils         : Cannot determine local hostname
21:41:25:208  INFO 21608 --- [main] com.alibaba.nacos.common.remote.client   : [RpcClientFactory] create a new rpc client of 23102607-c4d9-43a5-905e-05409a280cf7
21:41:25:236  INFO 21608 --- [main] org.reflections.Reflections              : Reflections took 15 ms to scan 1 urls, producing 3 keys and 6 values 
21:41:25:252  INFO 21608 --- [main] org.reflections.Reflections              : Reflections took 8 ms to scan 1 urls, producing 4 keys and 9 values 
21:41:25:259  INFO 21608 --- [main] org.reflections.Reflections              : Reflections took 5 ms to scan 1 urls, producing 3 keys and 10 values 
21:41:25:260  WARN 21608 --- [main] org.reflections.Reflections              : given scan urls are empty. set urls in the configuration
21:41:25:264  INFO 21608 --- [main] org.reflections.Reflections              : Reflections took 4 ms to scan 1 urls, producing 1 keys and 5 values 
21:41:25:269  INFO 21608 --- [main] org.reflections.Reflections              : Reflections took 4 ms to scan 1 urls, producing 1 keys and 7 values 
21:41:25:274  INFO 21608 --- [main] org.reflections.Reflections              : Reflections took 4 ms to scan 1 urls, producing 2 keys and 8 values 
21:41:25:275  WARN 21608 --- [main] org.reflections.Reflections              : given scan urls are empty. set urls in the configuration
21:41:25:275  INFO 21608 --- [main] com.alibaba.nacos.common.remote.client   : [23102607-c4d9-43a5-905e-05409a280cf7] RpcClient init label, labels = {module=naming, source=sdk}
21:41:25:276  INFO 21608 --- [main] com.alibaba.nacos.common.remote.client   : [23102607-c4d9-43a5-905e-05409a280cf7] RpcClient init, ServerListFactory = com.alibaba.nacos.client.naming.core.ServerListManager
21:41:25:276  INFO 21608 --- [main] com.alibaba.nacos.common.remote.client   : [23102607-c4d9-43a5-905e-05409a280cf7] Registry connection listener to current client:com.alibaba.nacos.client.naming.remote.gprc.redo.NamingGrpcRedoService
21:41:25:276  INFO 21608 --- [main] com.alibaba.nacos.common.remote.client   : [23102607-c4d9-43a5-905e-05409a280cf7] Register server push request handler:com.alibaba.nacos.client.naming.remote.gprc.NamingPushRequestHandler
21:41:25:277  INFO 21608 --- [main] com.alibaba.nacos.common.remote.client   : [23102607-c4d9-43a5-905e-05409a280cf7] Try to connect to server on start up, server: {serverIp = '192.168.190.128', server main port = 8848}
21:41:25:851  INFO 21608 --- [main] com.alibaba.nacos.common.remote.client   : [23102607-c4d9-43a5-905e-05409a280cf7] Success to connect to server [192.168.190.128:8848] on start up, connectionId = 1745415685070_192.168.190.1_49272
21:41:25:851  INFO 21608 --- [com.alibaba.nacos.client.remote.worker] com.alibaba.nacos.common.remote.client   : [23102607-c4d9-43a5-905e-05409a280cf7] Notify connected event to listeners.
21:41:25:852  INFO 21608 --- [main] com.alibaba.nacos.common.remote.client   : [23102607-c4d9-43a5-905e-05409a280cf7] Register server push request handler:com.alibaba.nacos.common.remote.client.RpcClient$ConnectResetRequestHandler
21:41:25:852  INFO 21608 --- [main] com.alibaba.nacos.common.remote.client   : [23102607-c4d9-43a5-905e-05409a280cf7] Register server push request handler:com.alibaba.nacos.common.remote.client.RpcClient$$Lambda$1090/0x000001618f8211e8
21:41:25:883  INFO 21608 --- [main] o.s.b.w.embedded.tomcat.TomcatWebServer  : Tomcat started on port(s): 8086 (http) with context path ''
21:41:25:890  INFO 21608 --- [main] c.a.c.n.registry.NacosServiceRegistry    : nacos registry, DEFAULT_GROUP pay-service 192.168.177.1:8086 register finished
21:41:26:445  INFO 21608 --- [nacos-grpc-client-executor-11] com.alibaba.nacos.common.remote.client   : [23102607-c4d9-43a5-905e-05409a280cf7] Receive server push request, request = NotifySubscriberRequest, requestId = 3
21:41:26:448  INFO 21608 --- [nacos-grpc-client-executor-11] com.alibaba.nacos.common.remote.client   : [23102607-c4d9-43a5-905e-05409a280cf7] Ack server push request, request = NotifySubscriberRequest, requestId = 3
21:41:26:976  INFO 21608 --- [main] o.s.cloud.commons.util.InetUtils         : Cannot determine local hostname
21:41:26:976  INFO 21608 --- [main] d.s.w.p.DocumentationPluginsBootstrapper : Documentation plugins bootstrapped
21:41:26:978  INFO 21608 --- [main] d.s.w.p.DocumentationPluginsBootstrapper : Found 1 custom documentation plugin(s)
21:41:26:994  INFO 21608 --- [main] s.d.s.w.s.ApiListingReferenceScanner     : Scanning for api listing references
21:41:27:051  INFO 21608 --- [main] com.hmall.pay.PayApplication             : Started PayApplication in 7.051 seconds (JVM running for 7.439)
21:42:06:047  WARN 21608 --- [Thread-4] c.a.nacos.common.notify.NotifyCenter     : [NotifyCenter] Start destroying Publisher
21:42:06:047  WARN 21608 --- [Thread-7] c.a.n.common.http.HttpClientBeanHolder   : [HttpClientBeanHolder] Start destroying common HttpClient
21:42:06:047  WARN 21608 --- [Thread-4] c.a.nacos.common.notify.NotifyCenter     : [NotifyCenter] Destruction of the end
21:42:06:048  WARN 21608 --- [Thread-7] c.a.n.common.http.HttpClientBeanHolder   : [HttpClientBeanHolder] Destruction of the end
21:42:06:076  INFO 21608 --- [SpringApplicationShutdownHook] c.a.c.n.registry.NacosServiceRegistry    : De-registering from Nacos Server now...
21:42:06:079  INFO 21608 --- [SpringApplicationShutdownHook] c.a.c.n.registry.NacosServiceRegistry    : De-registration finished.
21:42:06:410  INFO 21608 --- [SpringApplicationShutdownHook] com.alibaba.nacos.common.remote.client   : Shutdown rpc client, set status to shutdown
21:42:06:410  INFO 21608 --- [SpringApplicationShutdownHook] com.alibaba.nacos.common.remote.client   : Shutdown client event executor java.util.concurrent.ScheduledThreadPoolExecutor@57b9b049[Running, pool size = 2, active threads = 2, queued tasks = 0, completed tasks = 0]
21:42:06:410  INFO 21608 --- [SpringApplicationShutdownHook] com.alibaba.nacos.common.remote.client   : Close current connection 1745415685070_192.168.190.1_49272
21:42:06:412  INFO 21608 --- [nacos-grpc-client-executor-26] c.a.n.c.remote.client.grpc.GrpcClient    : [1745415685070_192.168.190.1_49272]Ignore complete event,isRunning:false,isAbandon=false
21:42:06:413  INFO 21608 --- [SpringApplicationShutdownHook] c.a.n.c.remote.client.grpc.GrpcClient    : Shutdown grpc executor java.util.concurrent.ThreadPoolExecutor@92d47a[Running, pool size = 7, active threads = 0, queued tasks = 0, completed tasks = 27]
