16:20:54:284  INFO 2976 --- [main] com.hmall.item.ItemApplication           : Starting ItemApplication using Java 21.0.1 on 蜡笔小小新 with PID 2976 (E:\Code\JavaCode\hmall\item-service\target\classes started by Lenovo in E:\Code\JavaCode\hmall)
16:20:54:291 DEBUG 2976 --- [main] com.hmall.item.ItemApplication           : Running with Spring Boot v2.7.12, Spring v5.3.27
16:20:54:292  INFO 2976 --- [main] com.hmall.item.ItemApplication           : The following 1 profile is active: "local"
16:20:55:356  INFO 2976 --- [main] o.s.cloud.context.scope.GenericScope     : BeanFactory id=718469bf-1e1d-35f1-bd53-e0dfea6c1d81
16:20:55:776  INFO 2976 --- [main] o.s.b.w.embedded.tomcat.TomcatWebServer  : Tomcat initialized with port(s): 8084 (http)
16:20:55:786  INFO 2976 --- [main] o.apache.catalina.core.StandardService   : Starting service [Tomcat]
16:20:55:786  INFO 2976 --- [main] org.apache.catalina.core.StandardEngine  : Starting Servlet engine: [Apache Tomcat/9.0.75]
16:20:55:938  INFO 2976 --- [main] o.a.c.c.C.[Tomcat].[localhost].[/]       : Initializing Spring embedded WebApplicationContext
16:20:55:939  INFO 2976 --- [main] w.s.c.ServletWebServerApplicationContext : Root WebApplicationContext: initialization completed in 1603 ms
16:20:57:004  INFO 2976 --- [main] pertySourcedRequestMappingHandlerMapping : Mapped URL path [/v2/api-docs] onto method [springfox.documentation.swagger2.web.Swagger2ControllerWebMvc#getDocumentation(String, HttpServletRequest)]
16:20:57:335  INFO 2976 --- [main] com.alibaba.nacos.common.remote.client   : [RpcClientFactory] create a new rpc client of 463291f6-97b1-4c37-9047-9f3b552d3f84
16:20:57:417  INFO 2976 --- [main] org.reflections.Reflections              : Reflections took 38 ms to scan 1 urls, producing 3 keys and 6 values 
16:20:57:456  INFO 2976 --- [main] org.reflections.Reflections              : Reflections took 19 ms to scan 1 urls, producing 4 keys and 9 values 
16:20:57:470  INFO 2976 --- [main] org.reflections.Reflections              : Reflections took 10 ms to scan 1 urls, producing 3 keys and 10 values 
16:20:57:472  WARN 2976 --- [main] org.reflections.Reflections              : given scan urls are empty. set urls in the configuration
16:20:57:481  INFO 2976 --- [main] org.reflections.Reflections              : Reflections took 7 ms to scan 1 urls, producing 1 keys and 5 values 
16:20:57:494  INFO 2976 --- [main] org.reflections.Reflections              : Reflections took 10 ms to scan 1 urls, producing 1 keys and 7 values 
16:20:57:506  INFO 2976 --- [main] org.reflections.Reflections              : Reflections took 8 ms to scan 1 urls, producing 2 keys and 8 values 
16:20:57:508  WARN 2976 --- [main] org.reflections.Reflections              : given scan urls are empty. set urls in the configuration
16:20:57:510  INFO 2976 --- [main] com.alibaba.nacos.common.remote.client   : [463291f6-97b1-4c37-9047-9f3b552d3f84] RpcClient init label, labels = {module=naming, source=sdk}
16:20:57:514  INFO 2976 --- [main] com.alibaba.nacos.common.remote.client   : [463291f6-97b1-4c37-9047-9f3b552d3f84] RpcClient init, ServerListFactory = com.alibaba.nacos.client.naming.core.ServerListManager
16:20:57:514  INFO 2976 --- [main] com.alibaba.nacos.common.remote.client   : [463291f6-97b1-4c37-9047-9f3b552d3f84] Registry connection listener to current client:com.alibaba.nacos.client.naming.remote.gprc.redo.NamingGrpcRedoService
16:20:57:515  INFO 2976 --- [main] com.alibaba.nacos.common.remote.client   : [463291f6-97b1-4c37-9047-9f3b552d3f84] Register server push request handler:com.alibaba.nacos.client.naming.remote.gprc.NamingPushRequestHandler
16:20:57:517  INFO 2976 --- [main] com.alibaba.nacos.common.remote.client   : [463291f6-97b1-4c37-9047-9f3b552d3f84] Try to connect to server on start up, server: {serverIp = '192.168.88.140', server main port = 8848}
16:20:58:568  INFO 2976 --- [main] com.alibaba.nacos.common.remote.client   : [463291f6-97b1-4c37-9047-9f3b552d3f84] Success to connect to server [192.168.88.140:8848] on start up, connectionId = 1722327658429_192.168.88.1_26054
16:20:58:573  INFO 2976 --- [com.alibaba.nacos.client.remote.worker] com.alibaba.nacos.common.remote.client   : [463291f6-97b1-4c37-9047-9f3b552d3f84] Notify connected event to listeners.
16:20:58:573  INFO 2976 --- [main] com.alibaba.nacos.common.remote.client   : [463291f6-97b1-4c37-9047-9f3b552d3f84] Register server push request handler:com.alibaba.nacos.common.remote.client.RpcClient$ConnectResetRequestHandler
16:20:58:573  INFO 2976 --- [main] com.alibaba.nacos.common.remote.client   : [463291f6-97b1-4c37-9047-9f3b552d3f84] Register server push request handler:com.alibaba.nacos.common.remote.client.RpcClient$$Lambda/0x000001f0af754230
16:20:58:652  INFO 2976 --- [main] o.s.b.w.embedded.tomcat.TomcatWebServer  : Tomcat started on port(s): 8084 (http) with context path ''
16:20:58:671  INFO 2976 --- [main] c.a.c.n.registry.NacosServiceRegistry    : nacos registry, DEFAULT_GROUP item-service 192.168.56.1:8084 register finished
16:20:58:684  INFO 2976 --- [main] d.s.w.p.DocumentationPluginsBootstrapper : Documentation plugins bootstrapped
16:20:58:688  INFO 2976 --- [main] d.s.w.p.DocumentationPluginsBootstrapper : Found 1 custom documentation plugin(s)
16:20:58:729  INFO 2976 --- [main] s.d.s.w.s.ApiListingReferenceScanner     : Scanning for api listing references
16:20:58:921  INFO 2976 --- [main] com.hmall.item.ItemApplication           : Started ItemApplication in 5.168 seconds (JVM running for 6.001)
16:20:59:206  INFO 2976 --- [nacos-grpc-client-executor-8] com.alibaba.nacos.common.remote.client   : [463291f6-97b1-4c37-9047-9f3b552d3f84] Receive server push request, request = NotifySubscriberRequest, requestId = 7
16:20:59:215  INFO 2976 --- [nacos-grpc-client-executor-8] com.alibaba.nacos.common.remote.client   : [463291f6-97b1-4c37-9047-9f3b552d3f84] Ack server push request, request = NotifySubscriberRequest, requestId = 7
16:20:59:951  INFO 26592 --- [main] com.hmall.item.ItemApplication           : Starting ItemApplication using Java 21.0.1 on 蜡笔小小新 with PID 26592 (E:\Code\JavaCode\hmall\item-service\target\classes started by Lenovo in E:\Code\JavaCode\hmall)
16:20:59:954 DEBUG 26592 --- [main] com.hmall.item.ItemApplication           : Running with Spring Boot v2.7.12, Spring v5.3.27
16:20:59:954  INFO 26592 --- [main] com.hmall.item.ItemApplication           : The following 1 profile is active: "local"
16:21:00:937  INFO 26592 --- [main] o.s.cloud.context.scope.GenericScope     : BeanFactory id=718469bf-1e1d-35f1-bd53-e0dfea6c1d81
16:21:01:263  INFO 26592 --- [main] o.s.b.w.embedded.tomcat.TomcatWebServer  : Tomcat initialized with port(s): 8081 (http)
16:21:01:272  INFO 26592 --- [main] o.apache.catalina.core.StandardService   : Starting service [Tomcat]
16:21:01:272  INFO 26592 --- [main] org.apache.catalina.core.StandardEngine  : Starting Servlet engine: [Apache Tomcat/9.0.75]
16:21:01:402  INFO 26592 --- [main] o.a.c.c.C.[Tomcat].[localhost].[/]       : Initializing Spring embedded WebApplicationContext
16:21:01:402  INFO 26592 --- [main] w.s.c.ServletWebServerApplicationContext : Root WebApplicationContext: initialization completed in 1402 ms
16:21:02:280  INFO 26592 --- [main] pertySourcedRequestMappingHandlerMapping : Mapped URL path [/v2/api-docs] onto method [springfox.documentation.swagger2.web.Swagger2ControllerWebMvc#getDocumentation(String, HttpServletRequest)]
16:21:02:478  INFO 26592 --- [main] com.alibaba.nacos.common.remote.client   : [RpcClientFactory] create a new rpc client of 4a7abe2b-ad4f-4a36-856e-dc98ea77c5cb
16:21:02:531  INFO 26592 --- [main] org.reflections.Reflections              : Reflections took 29 ms to scan 1 urls, producing 3 keys and 6 values 
16:21:02:552  INFO 26592 --- [main] org.reflections.Reflections              : Reflections took 10 ms to scan 1 urls, producing 4 keys and 9 values 
16:21:02:563  INFO 26592 --- [main] org.reflections.Reflections              : Reflections took 8 ms to scan 1 urls, producing 3 keys and 10 values 
16:21:02:565  WARN 26592 --- [main] org.reflections.Reflections              : given scan urls are empty. set urls in the configuration
16:21:02:573  INFO 26592 --- [main] org.reflections.Reflections              : Reflections took 8 ms to scan 1 urls, producing 1 keys and 5 values 
16:21:02:585  INFO 26592 --- [main] org.reflections.Reflections              : Reflections took 10 ms to scan 1 urls, producing 1 keys and 7 values 
16:21:02:596  INFO 26592 --- [main] org.reflections.Reflections              : Reflections took 8 ms to scan 1 urls, producing 2 keys and 8 values 
16:21:02:598  WARN 26592 --- [main] org.reflections.Reflections              : given scan urls are empty. set urls in the configuration
16:21:02:599  INFO 26592 --- [main] com.alibaba.nacos.common.remote.client   : [4a7abe2b-ad4f-4a36-856e-dc98ea77c5cb] RpcClient init label, labels = {module=naming, source=sdk}
16:21:02:601  INFO 26592 --- [main] com.alibaba.nacos.common.remote.client   : [4a7abe2b-ad4f-4a36-856e-dc98ea77c5cb] RpcClient init, ServerListFactory = com.alibaba.nacos.client.naming.core.ServerListManager
16:21:02:601  INFO 26592 --- [main] com.alibaba.nacos.common.remote.client   : [4a7abe2b-ad4f-4a36-856e-dc98ea77c5cb] Registry connection listener to current client:com.alibaba.nacos.client.naming.remote.gprc.redo.NamingGrpcRedoService
16:21:02:601  INFO 26592 --- [main] com.alibaba.nacos.common.remote.client   : [4a7abe2b-ad4f-4a36-856e-dc98ea77c5cb] Register server push request handler:com.alibaba.nacos.client.naming.remote.gprc.NamingPushRequestHandler
16:21:02:603  INFO 26592 --- [main] com.alibaba.nacos.common.remote.client   : [4a7abe2b-ad4f-4a36-856e-dc98ea77c5cb] Try to connect to server on start up, server: {serverIp = '192.168.88.140', server main port = 8848}
16:21:03:491  INFO 26592 --- [main] com.alibaba.nacos.common.remote.client   : [4a7abe2b-ad4f-4a36-856e-dc98ea77c5cb] Success to connect to server [192.168.88.140:8848] on start up, connectionId = 1722327663329_192.168.88.1_26067
16:21:03:492  INFO 26592 --- [com.alibaba.nacos.client.remote.worker] com.alibaba.nacos.common.remote.client   : [4a7abe2b-ad4f-4a36-856e-dc98ea77c5cb] Notify connected event to listeners.
16:21:03:493  INFO 26592 --- [main] com.alibaba.nacos.common.remote.client   : [4a7abe2b-ad4f-4a36-856e-dc98ea77c5cb] Register server push request handler:com.alibaba.nacos.common.remote.client.RpcClient$ConnectResetRequestHandler
16:21:03:493  INFO 26592 --- [main] com.alibaba.nacos.common.remote.client   : [4a7abe2b-ad4f-4a36-856e-dc98ea77c5cb] Register server push request handler:com.alibaba.nacos.common.remote.client.RpcClient$$Lambda/0x000001f18175a918
16:21:03:559  INFO 26592 --- [main] o.s.b.w.embedded.tomcat.TomcatWebServer  : Tomcat started on port(s): 8081 (http) with context path ''
16:21:03:571  INFO 26592 --- [main] c.a.c.n.registry.NacosServiceRegistry    : nacos registry, DEFAULT_GROUP item-service 192.168.56.1:8081 register finished
16:21:03:581  INFO 26592 --- [main] d.s.w.p.DocumentationPluginsBootstrapper : Documentation plugins bootstrapped
16:21:03:585  INFO 26592 --- [main] d.s.w.p.DocumentationPluginsBootstrapper : Found 1 custom documentation plugin(s)
16:21:03:616  INFO 26592 --- [main] s.d.s.w.s.ApiListingReferenceScanner     : Scanning for api listing references
16:21:03:745  INFO 26592 --- [main] com.hmall.item.ItemApplication           : Started ItemApplication in 4.483 seconds (JVM running for 5.523)
16:21:04:107  INFO 2976 --- [nacos-grpc-client-executor-11] com.alibaba.nacos.common.remote.client   : [463291f6-97b1-4c37-9047-9f3b552d3f84] Receive server push request, request = NotifySubscriberRequest, requestId = 9
16:21:04:110  INFO 2976 --- [nacos-grpc-client-executor-11] com.alibaba.nacos.common.remote.client   : [463291f6-97b1-4c37-9047-9f3b552d3f84] Ack server push request, request = NotifySubscriberRequest, requestId = 9
16:21:04:116  INFO 26592 --- [nacos-grpc-client-executor-8] com.alibaba.nacos.common.remote.client   : [4a7abe2b-ad4f-4a36-856e-dc98ea77c5cb] Receive server push request, request = NotifySubscriberRequest, requestId = 8
16:21:04:118  INFO 26592 --- [nacos-grpc-client-executor-8] com.alibaba.nacos.common.remote.client   : [4a7abe2b-ad4f-4a36-856e-dc98ea77c5cb] Ack server push request, request = NotifySubscriberRequest, requestId = 8
