15:17:16:863  INFO 10128 --- [main] com.hmall.user.UserApplication           : Starting UserApplication using Java 11.0.27 on 鸆灏 with PID 10128 (D:\software\JavaWeb\hmall\user-service\target\classes started by 27549 in D:\software\JavaWeb\hmall)
15:17:16:867 DEBUG 10128 --- [main] com.hmall.user.UserApplication           : Running with Spring Boot v2.7.12, Spring v5.3.27
15:17:16:867  INFO 10128 --- [main] com.hmall.user.UserApplication           : The following 1 profile is active: "local"
15:17:17:342  INFO 10128 --- [main] o.s.cloud.context.scope.GenericScope     : BeanFactory id=16e5bc1a-9447-3bcb-b024-07fe7ceb108c
15:17:17:484  INFO 10128 --- [main] o.s.b.w.embedded.tomcat.TomcatWebServer  : Tomcat initialized with port(s): 8083 (http)
15:17:17:490  INFO 10128 --- [main] o.apache.catalina.core.StandardService   : Starting service [Tomcat]
15:17:17:490  INFO 10128 --- [main] org.apache.catalina.core.StandardEngine  : Starting Servlet engine: [Apache Tomcat/9.0.75]
15:17:17:580  INFO 10128 --- [main] o.a.c.c.C.[Tomcat].[localhost].[/]       : Initializing Spring embedded WebApplicationContext
15:17:17:580  INFO 10128 --- [main] w.s.c.ServletWebServerApplicationContext : Root WebApplicationContext: initialization completed in 691 ms
15:17:18:666  INFO 10128 --- [main] pertySourcedRequestMappingHandlerMapping : Mapped URL path [/v2/api-docs] onto method [springfox.documentation.swagger2.web.Swagger2ControllerWebMvc#getDocumentation(String, HttpServletRequest)]
15:17:18:939  INFO 10128 --- [main] com.alibaba.nacos.common.remote.client   : [RpcClientFactory] create a new rpc client of d29461c1-5d74-40cc-8f67-b38e4ced9b4e
15:17:18:959  INFO 10128 --- [main] org.reflections.Reflections              : Reflections took 12 ms to scan 1 urls, producing 3 keys and 6 values 
15:17:18:971  INFO 10128 --- [main] org.reflections.Reflections              : Reflections took 6 ms to scan 1 urls, producing 4 keys and 9 values 
15:17:18:976  INFO 10128 --- [main] org.reflections.Reflections              : Reflections took 4 ms to scan 1 urls, producing 3 keys and 10 values 
15:17:18:977  WARN 10128 --- [main] org.reflections.Reflections              : given scan urls are empty. set urls in the configuration
15:17:18:981  INFO 10128 --- [main] org.reflections.Reflections              : Reflections took 4 ms to scan 1 urls, producing 1 keys and 5 values 
15:17:18:986  INFO 10128 --- [main] org.reflections.Reflections              : Reflections took 4 ms to scan 1 urls, producing 1 keys and 7 values 
15:17:18:991  INFO 10128 --- [main] org.reflections.Reflections              : Reflections took 4 ms to scan 1 urls, producing 2 keys and 8 values 
15:17:18:992  WARN 10128 --- [main] org.reflections.Reflections              : given scan urls are empty. set urls in the configuration
15:17:18:993  INFO 10128 --- [main] com.alibaba.nacos.common.remote.client   : [d29461c1-5d74-40cc-8f67-b38e4ced9b4e] RpcClient init label, labels = {module=naming, source=sdk}
15:17:18:995  INFO 10128 --- [main] com.alibaba.nacos.common.remote.client   : [d29461c1-5d74-40cc-8f67-b38e4ced9b4e] RpcClient init, ServerListFactory = com.alibaba.nacos.client.naming.core.ServerListManager
15:17:18:996  INFO 10128 --- [main] com.alibaba.nacos.common.remote.client   : [d29461c1-5d74-40cc-8f67-b38e4ced9b4e] Registry connection listener to current client:com.alibaba.nacos.client.naming.remote.gprc.redo.NamingGrpcRedoService
15:17:18:996  INFO 10128 --- [main] com.alibaba.nacos.common.remote.client   : [d29461c1-5d74-40cc-8f67-b38e4ced9b4e] Register server push request handler:com.alibaba.nacos.client.naming.remote.gprc.NamingPushRequestHandler
15:17:18:997  INFO 10128 --- [main] com.alibaba.nacos.common.remote.client   : [d29461c1-5d74-40cc-8f67-b38e4ced9b4e] Try to connect to server on start up, server: {serverIp = '192.168.190.128', server main port = 8848}
15:17:19:860  INFO 10128 --- [main] com.alibaba.nacos.common.remote.client   : [d29461c1-5d74-40cc-8f67-b38e4ced9b4e] Success to connect to server [192.168.190.128:8848] on start up, connectionId = 1745479038660_192.168.190.1_53825
15:17:19:863  INFO 10128 --- [com.alibaba.nacos.client.remote.worker] com.alibaba.nacos.common.remote.client   : [d29461c1-5d74-40cc-8f67-b38e4ced9b4e] Notify connected event to listeners.
15:17:19:865  INFO 10128 --- [main] com.alibaba.nacos.common.remote.client   : [d29461c1-5d74-40cc-8f67-b38e4ced9b4e] Register server push request handler:com.alibaba.nacos.common.remote.client.RpcClient$ConnectResetRequestHandler
15:17:19:867  INFO 10128 --- [main] com.alibaba.nacos.common.remote.client   : [d29461c1-5d74-40cc-8f67-b38e4ced9b4e] Register server push request handler:com.alibaba.nacos.common.remote.client.RpcClient$$Lambda$919/0x00000008006ecc40
15:17:19:951  INFO 10128 --- [main] o.s.b.w.embedded.tomcat.TomcatWebServer  : Tomcat started on port(s): 8083 (http) with context path ''
15:17:19:965  INFO 10128 --- [main] c.a.c.n.registry.NacosServiceRegistry    : nacos registry, DEFAULT_GROUP user-service 192.168.235.233:8083 register finished
15:17:20:157  INFO 10128 --- [main] d.s.w.p.DocumentationPluginsBootstrapper : Documentation plugins bootstrapped
15:17:20:159  INFO 10128 --- [main] d.s.w.p.DocumentationPluginsBootstrapper : Found 1 custom documentation plugin(s)
15:17:20:170  INFO 10128 --- [main] s.d.s.w.s.ApiListingReferenceScanner     : Scanning for api listing references
15:17:20:219  INFO 10128 --- [main] com.hmall.user.UserApplication           : Started UserApplication in 3.825 seconds (JVM running for 4.447)
15:17:20:493  INFO 10128 --- [nacos-grpc-client-executor-7] com.alibaba.nacos.common.remote.client   : [d29461c1-5d74-40cc-8f67-b38e4ced9b4e] Receive server push request, request = NotifySubscriberRequest, requestId = 1
15:17:20:495  INFO 10128 --- [nacos-grpc-client-executor-7] com.alibaba.nacos.common.remote.client   : [d29461c1-5d74-40cc-8f67-b38e4ced9b4e] Ack server push request, request = NotifySubscriberRequest, requestId = 1
15:17:46:045  WARN 10128 --- [Thread-4] c.a.nacos.common.notify.NotifyCenter     : [NotifyCenter] Start destroying Publisher
15:17:46:045  WARN 10128 --- [Thread-7] c.a.n.common.http.HttpClientBeanHolder   : [HttpClientBeanHolder] Start destroying common HttpClient
15:17:46:045  WARN 10128 --- [Thread-4] c.a.nacos.common.notify.NotifyCenter     : [NotifyCenter] Destruction of the end
15:17:46:046  WARN 10128 --- [Thread-7] c.a.n.common.http.HttpClientBeanHolder   : [HttpClientBeanHolder] Destruction of the end
15:17:46:391  INFO 10128 --- [SpringApplicationShutdownHook] c.a.c.n.registry.NacosServiceRegistry    : De-registering from Nacos Server now...
15:17:46:399  INFO 10128 --- [SpringApplicationShutdownHook] c.a.c.n.registry.NacosServiceRegistry    : De-registration finished.
15:17:46:729  INFO 10128 --- [SpringApplicationShutdownHook] com.alibaba.nacos.common.remote.client   : Shutdown rpc client, set status to shutdown
15:17:46:729  INFO 10128 --- [SpringApplicationShutdownHook] com.alibaba.nacos.common.remote.client   : Shutdown client event executor java.util.concurrent.ScheduledThreadPoolExecutor@2b5a1529[Running, pool size = 2, active threads = 2, queued tasks = 0, completed tasks = 0]
15:17:46:729  INFO 10128 --- [SpringApplicationShutdownHook] com.alibaba.nacos.common.remote.client   : Close current connection 1745479038660_192.168.190.1_53825
15:17:46:736  INFO 10128 --- [SpringApplicationShutdownHook] c.a.n.c.remote.client.grpc.GrpcClient    : Shutdown grpc executor java.util.concurrent.ThreadPoolExecutor@3a752fb9[Running, pool size = 5, active threads = 0, queued tasks = 0, completed tasks = 16]
